SF:lib\data\models\season_detail_model.dart
DA:6,2
DA:24,1
DA:25,1
DA:26,1
DA:27,1
DA:28,4
DA:29,1
DA:30,1
DA:31,1
DA:32,1
DA:33,1
DA:36,0
DA:37,0
DA:38,0
DA:39,0
DA:40,0
DA:41,0
DA:42,0
DA:43,0
DA:46,1
DA:47,1
DA:48,1
DA:49,5
DA:50,1
DA:51,1
DA:52,1
DA:53,1
DA:54,1
DA:58,1
DA:59,1
DA:60,1
DA:61,1
DA:62,1
DA:63,1
DA:64,1
DA:65,1
DA:66,1
LF:37
LH:29
end_of_record
SF:lib\data\models\tv_detail_model.dart
DA:7,2
DA:57,1
DA:58,1
DA:59,1
DA:60,1
DA:61,3
DA:63,1
DA:64,1
DA:65,4
DA:66,1
DA:67,1
DA:68,1
DA:69,1
DA:70,3
DA:72,1
DA:73,1
DA:74,1
DA:75,1
DA:76,1
DA:77,1
DA:78,1
DA:79,2
DA:80,1
DA:81,1
DA:82,4
DA:84,1
DA:85,1
DA:86,1
DA:87,2
DA:88,1
DA:91,0
DA:92,0
DA:93,0
DA:94,0
DA:95,0
DA:96,0
DA:97,0
DA:98,0
DA:99,0
DA:100,0
DA:101,0
DA:102,0
DA:103,0
DA:104,0
DA:105,0
DA:106,0
DA:107,0
DA:108,0
DA:109,0
DA:110,0
DA:111,0
DA:112,0
DA:113,0
DA:114,0
DA:117,1
DA:118,1
DA:119,1
DA:120,1
DA:121,1
DA:122,5
DA:123,1
DA:124,1
DA:125,1
DA:126,1
DA:127,1
DA:128,1
DA:129,1
DA:130,1
DA:131,5
DA:132,1
DA:133,1
DA:137,1
DA:138,1
DA:139,1
DA:140,1
DA:141,1
DA:142,1
DA:143,1
DA:144,1
DA:145,1
DA:146,1
DA:147,1
DA:148,1
DA:149,1
DA:150,1
DA:151,1
DA:152,1
DA:153,1
DA:154,1
DA:155,1
DA:156,1
DA:157,1
DA:158,1
DA:159,1
DA:160,1
DA:161,1
LF:96
LH:72
end_of_record
SF:lib\data\models\tv_model.dart
DA:5,4
DA:35,4
DA:36,2
DA:37,4
DA:38,2
DA:39,2
DA:40,4
DA:41,2
DA:42,2
DA:43,8
DA:44,8
DA:45,2
DA:46,2
DA:47,2
DA:48,2
DA:51,2
DA:52,1
DA:53,1
DA:54,1
DA:55,1
DA:56,1
DA:57,1
DA:58,1
DA:59,4
DA:60,4
DA:61,1
DA:62,1
DA:63,1
DA:64,1
DA:67,2
DA:68,2
DA:69,2
DA:70,2
DA:71,2
DA:72,2
DA:73,2
DA:74,2
DA:75,2
DA:76,2
DA:77,2
DA:78,2
DA:79,2
DA:80,2
DA:81,2
DA:85,2
DA:86,2
DA:87,2
DA:88,2
DA:89,2
DA:90,2
DA:91,2
DA:92,2
DA:93,2
DA:94,2
DA:95,2
DA:96,2
DA:97,2
DA:98,2
DA:99,2
LF:59
LH:59
end_of_record
SF:lib\data\models\tv_table.dart
DA:11,3
DA:18,2
DA:19,1
DA:20,1
DA:21,1
DA:22,1
DA:25,2
DA:26,1
DA:27,1
DA:28,1
DA:29,1
DA:32,2
DA:33,1
DA:34,1
DA:35,1
DA:36,1
DA:39,2
DA:40,1
DA:41,1
DA:42,1
DA:43,1
DA:46,2
DA:48,10
LF:23
LH:23
end_of_record
SF:lib\domain\entities\season_detail.dart
DA:5,4
DA:23,2
DA:24,2
DA:25,2
DA:26,2
DA:27,2
DA:28,2
DA:29,2
DA:30,2
DA:31,2
LF:10
LH:10
end_of_record
SF:lib\domain\entities\tv.dart
DA:4,9
DA:20,3
DA:41,10
DA:42,10
DA:43,10
DA:44,10
DA:45,10
DA:46,10
DA:47,10
DA:48,10
DA:49,10
DA:50,10
DA:51,10
DA:52,10
DA:53,10
DA:54,10
DA:55,10
LF:17
LH:17
end_of_record
SF:lib\domain\entities\tv_detail.dart
DA:6,5
DA:40,2
DA:41,2
DA:42,2
DA:43,2
DA:44,2
DA:45,2
DA:46,2
DA:47,2
DA:48,2
DA:49,2
DA:50,2
DA:51,2
DA:52,2
DA:53,2
DA:54,2
DA:55,2
DA:56,2
LF:18
LH:18
end_of_record
SF:lib\data\datasources\tv_remote_data_source.dart
DA:25,1
DA:27,1
DA:30,4
DA:32,2
DA:33,4
DA:35,1
DA:39,1
DA:42,4
DA:44,2
DA:45,3
DA:47,1
DA:51,1
DA:53,1
DA:54,3
DA:56,2
DA:57,4
DA:59,1
DA:63,1
DA:66,4
DA:68,2
DA:69,4
DA:71,1
DA:75,1
DA:78,4
DA:80,2
DA:81,4
DA:83,1
DA:87,1
DA:89,1
DA:90,3
DA:92,2
DA:93,4
DA:95,1
DA:99,1
DA:101,1
DA:102,3
DA:104,2
DA:105,3
DA:107,1
LF:39
LH:39
end_of_record
SF:lib\data\datasources\tv_local_data_source.dart
DA:15,1
DA:17,1
DA:20,2
DA:23,2
DA:27,1
DA:30,2
DA:33,2
DA:37,1
DA:39,2
DA:41,1
DA:47,1
DA:49,2
DA:50,4
LF:13
LH:13
end_of_record
SF:lib\data\models\tv_response.dart
DA:7,2
DA:9,4
DA:10,4
DA:11,6
DA:12,6
DA:15,2
DA:16,5
DA:19,1
DA:20,2
LF:9
LH:9
end_of_record
SF:lib\data\models\episode_detail_model.dart
DA:5,2
DA:29,1
DA:30,1
DA:31,1
DA:32,1
DA:33,1
DA:34,1
DA:35,1
DA:36,1
DA:37,1
DA:38,1
DA:39,2
DA:40,1
DA:43,0
DA:44,0
DA:45,0
DA:46,0
DA:47,0
DA:48,0
DA:49,0
DA:50,0
DA:51,0
DA:52,0
DA:53,0
DA:56,1
DA:57,1
DA:58,1
DA:59,1
DA:60,1
DA:61,1
DA:62,1
DA:63,1
DA:64,1
DA:65,1
DA:66,1
DA:67,1
DA:71,1
DA:72,1
DA:73,1
DA:74,1
DA:75,1
DA:76,1
DA:77,1
DA:78,1
DA:79,1
DA:80,1
DA:81,1
DA:82,1
LF:48
LH:37
end_of_record
SF:lib\domain\entities\episode_detail.dart
DA:4,4
DA:28,2
DA:29,2
DA:30,2
DA:31,2
DA:32,2
DA:33,2
DA:34,2
DA:35,2
DA:36,2
DA:37,2
DA:38,2
LF:12
LH:12
end_of_record
SF:lib\data\models\season_model.dart
DA:5,3
DA:23,2
DA:24,1
DA:25,1
DA:26,1
DA:27,1
DA:28,1
DA:29,1
DA:30,1
DA:33,0
DA:34,0
DA:35,0
DA:36,0
DA:37,0
DA:38,0
DA:39,0
DA:40,0
DA:43,2
DA:44,2
DA:45,2
DA:46,2
DA:47,2
DA:48,2
DA:49,2
DA:50,2
DA:51,2
DA:55,1
DA:56,1
DA:57,1
DA:58,1
DA:59,1
DA:60,1
DA:61,1
DA:62,1
DA:63,1
LF:35
LH:27
end_of_record
SF:lib\domain\entities\season.dart
DA:4,6
DA:22,3
DA:23,3
DA:24,3
DA:25,3
DA:26,3
DA:27,3
DA:28,3
DA:29,3
DA:30,3
LF:10
LH:10
end_of_record
SF:lib\data\repositories\tv_repository_impl.dart
DA:18,1
DA:23,1
DA:26,2
DA:27,5
DA:28,1
DA:29,2
DA:30,1
DA:31,2
DA:35,1
DA:38,2
DA:39,2
DA:40,1
DA:41,2
DA:42,1
DA:43,2
DA:47,1
DA:50,2
DA:51,3
DA:52,1
DA:53,2
DA:54,1
DA:55,2
DA:59,1
DA:62,2
DA:63,5
DA:64,1
DA:65,2
DA:66,1
DA:67,2
DA:71,1
DA:74,2
DA:75,5
DA:76,1
DA:77,2
DA:78,1
DA:79,2
DA:83,1
DA:86,2
DA:87,5
DA:88,1
DA:89,2
DA:90,1
DA:91,2
DA:95,1
DA:99,3
DA:100,1
DA:101,1
DA:102,3
DA:108,1
DA:112,3
DA:113,1
DA:114,1
DA:115,3
DA:119,1
DA:121,2
DA:125,1
DA:127,2
DA:128,5
DA:131,1
DA:134,2
DA:135,2
DA:136,1
DA:137,2
DA:138,1
DA:139,2
LF:65
LH:65
end_of_record
SF:lib\domain\usecases\get_popular_tv.dart
DA:9,1
DA:11,1
DA:12,2
LF:3
LH:3
end_of_record
SF:lib\domain\usecases\get_season_detail.dart
DA:9,1
DA:11,1
DA:12,2
LF:3
LH:3
end_of_record
SF:lib\domain\usecases\get_top_rated_tv.dart
DA:9,1
DA:11,1
DA:12,2
LF:3
LH:3
end_of_record
SF:lib\domain\usecases\get_tv_detail.dart
DA:9,1
DA:11,1
DA:12,2
LF:3
LH:3
end_of_record
SF:lib\domain\usecases\get_tv_on_air.dart
DA:9,1
DA:11,1
DA:12,2
LF:3
LH:3
end_of_record
SF:lib\domain\usecases\get_tv_recommendations.dart
DA:9,1
DA:11,1
DA:12,2
LF:3
LH:3
end_of_record
SF:lib\domain\usecases\get_watchlist_tv.dart
DA:9,1
DA:11,1
DA:12,2
LF:3
LH:3
end_of_record
SF:lib\domain\usecases\search_tvs.dart
DA:9,1
DA:11,1
DA:12,2
LF:3
LH:3
end_of_record
SF:lib\presentation\bloc\detail_tv_state.dart
DA:4,2
DA:6,1
DA:7,1
DA:17,2
DA:19,1
DA:20,2
DA:27,2
DA:29,1
DA:30,3
LF:9
LH:9
end_of_record
SF:lib\presentation\bloc\detail_tv_event.dart
DA:4,2
DA:10,2
LF:2
LH:2
end_of_record
SF:lib\presentation\bloc\detail_tv_bloc.dart
DA:16,3
DA:17,2
DA:18,1
DA:20,2
DA:21,2
DA:22,2
DA:24,1
DA:25,1
DA:26,3
DA:28,1
DA:29,1
DA:30,0
DA:31,0
DA:33,1
DA:34,2
DA:39,1
DA:42,1
DA:43,3
LF:18
LH:16
end_of_record
SF:lib\presentation\bloc\on_air_tv_event.dart
DA:4,2
LF:1
LH:1
end_of_record
SF:lib\presentation\bloc\on_air_tv_state.dart
DA:4,2
DA:6,1
DA:7,1
DA:17,2
DA:19,1
DA:20,2
DA:26,2
DA:28,1
DA:29,2
LF:9
LH:9
end_of_record
SF:lib\presentation\bloc\on_air_tv_bloc.dart
DA:12,3
DA:13,2
DA:15,2
DA:16,2
DA:18,1
DA:19,1
DA:20,3
DA:22,1
DA:23,2
DA:26,1
DA:29,1
DA:30,3
LF:12
LH:12
end_of_record
SF:lib\presentation\bloc\popular_tv_state.dart
DA:4,2
DA:6,1
DA:7,1
DA:17,2
DA:19,1
DA:20,2
DA:26,2
DA:28,1
DA:29,2
LF:9
LH:9
end_of_record
SF:lib\presentation\bloc\popular_tv_bloc.dart
DA:12,3
DA:13,2
DA:15,2
DA:16,2
DA:18,1
DA:19,1
DA:20,3
DA:22,1
DA:23,2
DA:26,1
DA:29,1
DA:30,3
LF:12
LH:12
end_of_record
SF:lib\presentation\bloc\popular_tv_event.dart
DA:4,2
LF:1
LH:1
end_of_record
SF:lib\presentation\bloc\recommendation_tv_state.dart
DA:4,2
DA:6,1
DA:7,1
DA:17,2
DA:19,1
DA:20,2
DA:26,2
DA:28,1
DA:29,2
LF:9
LH:9
end_of_record
SF:lib\presentation\bloc\recommendation_tv_event.dart
DA:4,2
DA:10,2
LF:2
LH:2
end_of_record
SF:lib\presentation\bloc\recommendation_tv_bloc.dart
DA:12,3
DA:13,2
DA:14,1
DA:16,2
DA:17,2
DA:19,1
DA:20,1
DA:21,3
DA:23,1
DA:24,2
DA:27,1
DA:30,1
DA:31,3
LF:13
LH:13
end_of_record
SF:lib\presentation\bloc\search_state_tv.dart
DA:4,1
DA:6,1
DA:7,1
DA:17,1
DA:19,1
DA:20,2
DA:26,1
DA:28,1
DA:29,2
LF:9
LH:9
end_of_record
SF:lib\presentation\bloc\search_event_tv.dart
DA:4,1
DA:10,1
LF:2
LH:2
end_of_record
SF:lib\presentation\bloc\search_bloc_tv.dart
DA:12,3
DA:13,2
DA:14,1
DA:16,2
DA:17,2
DA:19,1
DA:20,1
DA:21,3
DA:23,1
DA:24,2
DA:27,1
DA:30,1
DA:31,3
LF:13
LH:13
end_of_record
SF:lib\presentation\bloc\season_detail_bloc.dart
DA:12,3
DA:13,2
DA:14,1
DA:15,1
DA:17,2
DA:18,2
DA:20,1
DA:21,1
DA:22,3
DA:24,1
DA:25,2
DA:28,1
DA:31,1
DA:32,3
LF:14
LH:14
end_of_record
SF:lib\presentation\bloc\season_detail_state.dart
DA:4,2
DA:6,1
DA:7,1
DA:17,2
DA:19,1
DA:20,2
DA:26,2
DA:28,1
DA:29,2
LF:9
LH:9
end_of_record
SF:lib\presentation\bloc\season_detail_event.dart
DA:4,2
DA:11,2
LF:2
LH:2
end_of_record
SF:lib\presentation\bloc\top_rated_tv_event.dart
DA:4,2
LF:1
LH:1
end_of_record
SF:lib\presentation\bloc\top_rated_tv_bloc.dart
DA:12,3
DA:13,2
DA:15,2
DA:16,2
DA:18,1
DA:19,1
DA:20,3
DA:22,1
DA:23,2
DA:26,1
DA:29,1
DA:30,3
LF:12
LH:12
end_of_record
SF:lib\presentation\bloc\top_rated_tv_state.dart
DA:4,2
DA:6,1
DA:7,1
DA:17,2
DA:19,1
DA:20,2
DA:26,2
DA:28,1
DA:29,2
LF:9
LH:9
end_of_record
SF:lib\presentation\bloc\watchlist_detail_tv_state.dart
DA:4,2
DA:6,1
DA:7,1
DA:17,1
DA:19,1
DA:20,2
DA:26,1
DA:28,1
DA:29,2
DA:35,1
DA:37,0
DA:38,0
DA:44,2
DA:46,1
DA:47,2
LF:15
LH:13
end_of_record
SF:lib\presentation\bloc\watchlist_detail_tv_bloc.dart
DA:21,3
DA:22,2
DA:23,2
DA:24,2
DA:26,1
DA:27,4
DA:28,2
DA:29,2
DA:30,1
DA:31,1
DA:36,1
DA:37,0
DA:39,0
DA:41,0
DA:44,2
DA:45,1
DA:47,2
DA:48,2
DA:50,1
DA:51,1
DA:52,3
DA:54,1
DA:55,2
DA:59,2
DA:62,2
DA:63,1
DA:65,2
DA:66,2
DA:68,1
DA:69,1
DA:70,3
DA:72,1
DA:73,2
DA:77,2
LF:34
LH:31
end_of_record
SF:lib\presentation\bloc\watchlist_detail_tv_event.dart
DA:4,2
DA:12,2
DA:18,1
DA:24,2
LF:4
LH:4
end_of_record
SF:lib\presentation\bloc\watchlist_tv_state.dart
DA:4,1
DA:6,1
DA:7,1
DA:17,1
DA:19,1
DA:20,2
DA:26,1
DA:28,1
DA:29,2
LF:9
LH:9
end_of_record
SF:lib\presentation\bloc\watchlist_tv_bloc.dart
DA:12,3
DA:13,2
DA:15,2
DA:16,2
DA:18,1
DA:19,1
DA:20,3
DA:22,1
DA:23,2
DA:26,1
DA:29,1
DA:30,3
LF:12
LH:12
end_of_record
SF:lib\presentation\bloc\watchlist_tv_event.dart
DA:4,1
LF:1
LH:1
end_of_record
SF:lib\presentation\pages\on_air_tvs_page.dart
DA:10,1
DA:11,1
DA:15,1
DA:17,1
DA:18,4
DA:21,1
DA:23,1
DA:24,1
DA:25,1
DA:27,1
DA:29,1
DA:30,1
DA:31,1
DA:32,1
DA:33,1
DA:35,1
DA:36,1
DA:37,0
DA:38,0
DA:39,0
DA:41,2
DA:43,1
DA:44,1
DA:45,1
DA:46,2
DA:49,0
LF:26
LH:22
end_of_record
SF:lib\presentation\widgets\tv_card_list.dart
DA:10,0
DA:12,0
DA:14,0
DA:16,0
DA:17,0
DA:18,0
DA:21,0
DA:24,0
DA:26,0
DA:27,0
DA:28,0
DA:34,0
DA:36,0
DA:37,0
DA:38,0
DA:41,0
DA:43,0
DA:44,0
DA:45,0
DA:53,0
DA:58,0
DA:59,0
DA:60,0
DA:62,0
DA:63,0
DA:65,0
DA:67,0
LF:27
LH:0
end_of_record
SF:lib\presentation\pages\popular_tvs_page.dart
DA:10,1
DA:11,1
DA:15,1
DA:17,1
DA:18,4
DA:21,1
DA:23,1
DA:24,1
DA:25,1
DA:27,1
DA:29,1
DA:30,1
DA:31,1
DA:32,1
DA:33,1
DA:35,1
DA:36,1
DA:37,0
DA:38,0
DA:39,0
DA:41,2
DA:43,1
DA:44,1
DA:45,1
DA:46,2
DA:49,0
LF:26
LH:22
end_of_record
SF:lib\presentation\pages\season_detail_page.dart
DA:14,1
DA:16,1
DA:17,1
DA:21,1
DA:23,1
DA:24,8
DA:27,1
DA:29,1
DA:30,1
DA:31,1
DA:32,1
DA:33,1
DA:34,1
DA:36,1
DA:37,3
DA:38,1
DA:39,1
DA:40,1
DA:41,1
DA:42,3
DA:44,2
DA:45,1
DA:47,0
DA:49,1
DA:51,1
DA:52,1
DA:53,1
DA:54,1
DA:56,2
DA:63,1
DA:64,1
DA:65,1
DA:67,1
DA:69,1
DA:70,1
DA:71,1
DA:73,1
DA:74,2
DA:75,1
DA:78,1
DA:80,1
DA:81,2
DA:82,1
DA:85,1
DA:88,3
DA:89,1
DA:90,3
DA:91,1
DA:93,1
DA:94,2
DA:96,2
DA:97,1
DA:99,0
DA:101,1
DA:102,3
DA:105,1
DA:106,1
DA:107,1
DA:121,1
DA:123,1
DA:138,1
DA:140,1
DA:143,1
DA:144,1
DA:145,0
DA:146,0
DA:154,1
DA:155,1
DA:156,1
DA:157,2
DA:160,0
LF:71
LH:66
end_of_record
SF:lib\presentation\pages\top_rated_tvs_page.dart
DA:10,1
DA:11,1
DA:15,1
DA:17,1
DA:18,4
DA:21,1
DA:23,1
DA:24,1
DA:25,1
DA:27,1
DA:29,1
DA:30,1
DA:31,1
DA:32,1
DA:33,1
DA:35,1
DA:36,1
DA:37,0
DA:38,0
DA:39,0
DA:41,2
DA:43,1
DA:44,1
DA:45,1
DA:46,2
DA:49,0
LF:26
LH:22
end_of_record
SF:lib\presentation\pages\tv_detail_page.dart
DA:19,1
DA:21,1
DA:22,1
DA:26,1
DA:28,1
DA:29,6
DA:30,6
DA:31,6
DA:32,1
DA:35,1
DA:37,2
DA:38,2
DA:39,2
DA:43,1
DA:44,1
DA:45,1
DA:46,1
DA:47,1
DA:48,1
DA:50,1
DA:51,1
DA:52,1
DA:53,1
DA:54,1
DA:60,1
DA:61,1
DA:62,1
DA:63,2
DA:66,0
DA:79,1
DA:81,1
DA:82,1
DA:86,1
DA:88,3
DA:89,1
DA:90,1
DA:91,1
DA:92,4
DA:94,2
DA:95,1
DA:97,0
DA:99,1
DA:101,1
DA:102,1
DA:103,1
DA:104,1
DA:106,2
DA:113,1
DA:114,1
DA:115,1
DA:117,1
DA:119,1
DA:121,1
DA:122,1
DA:123,3
DA:124,1
DA:126,1
DA:127,1
DA:128,2
DA:129,5
DA:131,0
DA:141,1
DA:142,1
DA:144,1
DA:145,0
DA:146,0
DA:150,2
DA:154,1
DA:155,0
DA:156,1
DA:157,2
DA:158,1
DA:163,0
DA:165,0
DA:166,0
DA:167,0
DA:171,2
DA:172,2
DA:173,2
DA:176,1
DA:178,1
DA:179,2
DA:186,1
DA:187,4
DA:189,1
DA:190,1
DA:191,1
DA:192,4
DA:194,2
DA:200,5
DA:203,1
DA:204,1
DA:206,1
DA:208,1
DA:209,3
DA:211,1
DA:212,1
DA:214,1
DA:216,1
DA:217,1
DA:218,1
DA:219,1
DA:220,1
DA:222,1
DA:223,1
DA:224,1
DA:225,2
DA:227,1
DA:228,1
DA:230,1
DA:232,0
DA:233,0
DA:234,0
DA:236,0
DA:237,0
DA:238,0
DA:241,0
DA:244,0
DA:245,0
DA:246,0
DA:248,0
DA:250,0
DA:251,0
DA:252,0
DA:254,0
DA:257,0
DA:258,0
DA:264,3
DA:268,0
DA:272,1
DA:273,1
DA:275,1
DA:277,1
DA:279,1
DA:280,4
DA:281,2
DA:283,1
DA:285,1
DA:286,0
DA:287,0
DA:290,0
DA:293,1
DA:294,1
DA:295,1
DA:296,1
DA:297,1
DA:299,1
DA:300,2
DA:302,2
DA:303,1
DA:305,0
DA:308,1
DA:309,2
DA:315,1
DA:322,1
DA:324,1
DA:339,1
DA:341,1
DA:344,1
DA:345,1
DA:346,0
DA:347,0
DA:356,1
DA:358,2
DA:359,3
DA:362,1
DA:366,3
LF:167
LH:133
end_of_record
